<?xml version="1.0" encoding="UTF-8"?>
<testsuite name="tourGuide.controller.UserControllerTest" tests="3" skipped="0" failures="0" errors="0" timestamp="2022-08-04T14:54:35" hostname="IDEAPAD-S530" time="0.375">
  <properties/>
  <testcase name="addUserTest()" classname="tourGuide.controller.UserControllerTest" time="0.209"/>
  <testcase name="getAllUsersTest()" classname="tourGuide.controller.UserControllerTest" time="0.073"/>
  <testcase name="updateUserPreferences()" classname="tourGuide.controller.UserControllerTest" time="0.082"/>
  <system-out><![CDATA[2022-08-04 16:54:23.503  INFO 28224 --- [    Test worker] .b.t.a.w.s.WebMvcTestContextBootstrapper : Neither @ContextConfiguration nor @ContextHierarchy found for test class [tourGuide.controller.UserControllerTest], using SpringBootContextLoader
2022-08-04 16:54:23.523  INFO 28224 --- [    Test worker] o.s.t.c.support.AbstractContextLoader    : Could not detect default resource locations for test class [tourGuide.controller.UserControllerTest]: no resource found for suffixes {-context.xml, Context.groovy}.
2022-08-04 16:54:23.528  INFO 28224 --- [    Test worker] t.c.s.AnnotationConfigContextLoaderUtils : Could not detect default configuration classes for test class [tourGuide.controller.UserControllerTest]: UserControllerTest does not declare any static, non-private, non-final, nested classes annotated with @Configuration.
2022-08-04 16:54:23.579  INFO 28224 --- [    Test worker] .b.t.c.SpringBootTestContextBootstrapper : Found @SpringBootConfiguration tourGuide.Application for test class tourGuide.controller.UserControllerTest
2022-08-04 16:54:23.582  INFO 28224 --- [    Test worker] .b.t.a.w.s.WebMvcTestContextBootstrapper : Loaded default TestExecutionListener class names from location [META-INF/spring.factories]: [org.springframework.boot.test.autoconfigure.restdocs.RestDocsTestExecutionListener, org.springframework.boot.test.autoconfigure.web.client.MockRestServiceServerResetTestExecutionListener, org.springframework.boot.test.autoconfigure.web.servlet.MockMvcPrintOnlyOnFailureTestExecutionListener, org.springframework.boot.test.autoconfigure.web.servlet.WebDriverTestExecutionListener, org.springframework.boot.test.autoconfigure.webservices.client.MockWebServiceServerTestExecutionListener, org.springframework.boot.test.mock.mockito.MockitoTestExecutionListener, org.springframework.boot.test.mock.mockito.ResetMocksTestExecutionListener, org.springframework.test.context.web.ServletTestExecutionListener, org.springframework.test.context.support.DirtiesContextBeforeModesTestExecutionListener, org.springframework.test.context.event.ApplicationEventsTestExecutionListener, org.springframework.test.context.support.DependencyInjectionTestExecutionListener, org.springframework.test.context.support.DirtiesContextTestExecutionListener, org.springframework.test.context.transaction.TransactionalTestExecutionListener, org.springframework.test.context.jdbc.SqlScriptsTestExecutionListener, org.springframework.test.context.event.EventPublishingTestExecutionListener]
2022-08-04 16:54:23.588  INFO 28224 --- [    Test worker] .b.t.a.w.s.WebMvcTestContextBootstrapper : Using TestExecutionListeners: [org.springframework.test.context.web.ServletTestExecutionListener@786a6a76, org.springframework.test.context.support.DirtiesContextBeforeModesTestExecutionListener@334b4b6f, org.springframework.test.context.event.ApplicationEventsTestExecutionListener@42d0aa77, org.springframework.boot.test.mock.mockito.MockitoTestExecutionListener@e5bbad1, org.springframework.boot.test.autoconfigure.SpringBootDependencyInjectionTestExecutionListener@254958b6, org.springframework.test.context.support.DirtiesContextTestExecutionListener@4cb07f43, org.springframework.test.context.event.EventPublishingTestExecutionListener@bf4f7b0, org.springframework.boot.test.autoconfigure.restdocs.RestDocsTestExecutionListener@58aa492d, org.springframework.boot.test.autoconfigure.web.client.MockRestServiceServerResetTestExecutionListener@37493666, org.springframework.boot.test.autoconfigure.web.servlet.MockMvcPrintOnlyOnFailureTestExecutionListener@784c0dab, org.springframework.boot.test.autoconfigure.web.servlet.WebDriverTestExecutionListener@54a92c65, org.springframework.boot.test.autoconfigure.webservices.client.MockWebServiceServerTestExecutionListener@5ec0e4fc, org.springframework.boot.test.mock.mockito.ResetMocksTestExecutionListener@20c40344]

  .   ____          _            __ _ _
 /\\ / ___'_ __ _ _(_)_ __  __ _ \ \ \ \
( ( )\___ | '_ | '_| | '_ \/ _` | \ \ \ \
 \\/  ___)| |_)| | | | | || (_| |  ) ) ) )
  '  |____| .__|_| |_|_| |_\__, | / / / /
 =========|_|==============|___/=/_/_/_/
 :: Spring Boot ::                (v2.7.0)

2022-08-04 16:54:26.757  INFO 28224 --- [    Test worker] tourGuide.controller.UserControllerTest  : Starting UserControllerTest using Java 11.0.15 on IDEAPAD-S530 with PID 28224 (started by phamt in C:\Users\phamt\Desktop\OPENCLASSROOMS\P8\JavaPathENProject8\TourGuide\TourGuideApp)
2022-08-04 16:54:26.758 DEBUG 28224 --- [    Test worker] tourGuide.controller.UserControllerTest  : Running with Spring Boot v2.7.0, Spring v5.3.20
2022-08-04 16:54:26.760  INFO 28224 --- [    Test worker] tourGuide.controller.UserControllerTest  : No active profile set, falling back to 1 default profile: "default"
2022-08-04 16:54:35.702  INFO 28224 --- [    Test worker] o.s.b.t.m.w.SpringBootMockServletContext : Initializing Spring TestDispatcherServlet ''
2022-08-04 16:54:35.708  INFO 28224 --- [    Test worker] o.s.t.web.servlet.TestDispatcherServlet  : Initializing Servlet ''
2022-08-04 16:54:35.712  INFO 28224 --- [    Test worker] o.s.t.web.servlet.TestDispatcherServlet  : Completed initialization in 3 ms
2022-08-04 16:54:35.830  INFO 28224 --- [    Test worker] tourGuide.controller.UserControllerTest  : Started UserControllerTest in 12.19 seconds (JVM running for 660.397)
2022-08-04 16:54:35.963 DEBUG 28224 --- [    Test worker] t.controller.TourGuideController         : Add user:john request 
2022-08-04 16:54:36.108  INFO 28224 --- [    Test worker] t.controller.TourGuideController         : Search list of all users
2022-08-04 16:54:36.211 DEBUG 28224 --- [    Test worker] t.controller.TourGuideController         : Update user preferences of kim request 
]]></system-out>
  <system-err><![CDATA[]]></system-err>
</testsuite>
