<?xml version="1.0" encoding="UTF-8"?>
<testsuite name="tourGuide.integration.TestUserService" tests="3" skipped="0" failures="0" errors="0" timestamp="2022-08-04T14:55:24" hostname="IDEAPAD-S530" time="0.106">
  <properties/>
  <testcase name="updateTripDealsTest()" classname="tourGuide.integration.TestUserService" time="0.021"/>
  <testcase name="getAllUsersTest()" classname="tourGuide.integration.TestUserService" time="0.032"/>
  <testcase name="getUserTest()" classname="tourGuide.integration.TestUserService" time="0.047"/>
  <system-out><![CDATA[2022-08-04 16:55:24.318  INFO 28224 --- [    Test worker] .b.t.c.SpringBootTestContextBootstrapper : Neither @ContextConfiguration nor @ContextHierarchy found for test class [tourGuide.integration.TestUserService], using SpringBootContextLoader
2022-08-04 16:55:24.320  INFO 28224 --- [    Test worker] o.s.t.c.support.AbstractContextLoader    : Could not detect default resource locations for test class [tourGuide.integration.TestUserService]: no resource found for suffixes {-context.xml, Context.groovy}.
2022-08-04 16:55:24.320  INFO 28224 --- [    Test worker] t.c.s.AnnotationConfigContextLoaderUtils : Could not detect default configuration classes for test class [tourGuide.integration.TestUserService]: TestUserService does not declare any static, non-private, non-final, nested classes annotated with @Configuration.
2022-08-04 16:55:24.324  INFO 28224 --- [    Test worker] .b.t.c.SpringBootTestContextBootstrapper : Found @SpringBootConfiguration tourGuide.Application for test class tourGuide.integration.TestUserService
2022-08-04 16:55:24.330  INFO 28224 --- [    Test worker] .b.t.c.SpringBootTestContextBootstrapper : Loaded default TestExecutionListener class names from location [META-INF/spring.factories]: [org.springframework.boot.test.autoconfigure.restdocs.RestDocsTestExecutionListener, org.springframework.boot.test.autoconfigure.web.client.MockRestServiceServerResetTestExecutionListener, org.springframework.boot.test.autoconfigure.web.servlet.MockMvcPrintOnlyOnFailureTestExecutionListener, org.springframework.boot.test.autoconfigure.web.servlet.WebDriverTestExecutionListener, org.springframework.boot.test.autoconfigure.webservices.client.MockWebServiceServerTestExecutionListener, org.springframework.boot.test.mock.mockito.MockitoTestExecutionListener, org.springframework.boot.test.mock.mockito.ResetMocksTestExecutionListener, org.springframework.test.context.web.ServletTestExecutionListener, org.springframework.test.context.support.DirtiesContextBeforeModesTestExecutionListener, org.springframework.test.context.event.ApplicationEventsTestExecutionListener, org.springframework.test.context.support.DependencyInjectionTestExecutionListener, org.springframework.test.context.support.DirtiesContextTestExecutionListener, org.springframework.test.context.transaction.TransactionalTestExecutionListener, org.springframework.test.context.jdbc.SqlScriptsTestExecutionListener, org.springframework.test.context.event.EventPublishingTestExecutionListener]
2022-08-04 16:55:24.332  INFO 28224 --- [    Test worker] .b.t.c.SpringBootTestContextBootstrapper : Using TestExecutionListeners: [org.springframework.test.context.web.ServletTestExecutionListener@71d93d18, org.springframework.test.context.support.DirtiesContextBeforeModesTestExecutionListener@7bd6d6c5, org.springframework.test.context.event.ApplicationEventsTestExecutionListener@65d19a5, org.springframework.boot.test.mock.mockito.MockitoTestExecutionListener@5ac1e6ee, org.springframework.boot.test.autoconfigure.SpringBootDependencyInjectionTestExecutionListener@62c83153, org.springframework.test.context.support.DirtiesContextTestExecutionListener@2fe5b331, org.springframework.test.context.event.EventPublishingTestExecutionListener@419b0759, org.springframework.boot.test.autoconfigure.restdocs.RestDocsTestExecutionListener@14b86f12, org.springframework.boot.test.autoconfigure.web.client.MockRestServiceServerResetTestExecutionListener@3759967f, org.springframework.boot.test.autoconfigure.web.servlet.MockMvcPrintOnlyOnFailureTestExecutionListener@35a7d79e, org.springframework.boot.test.autoconfigure.web.servlet.WebDriverTestExecutionListener@2c9fafbc, org.springframework.boot.test.autoconfigure.webservices.client.MockWebServiceServerTestExecutionListener@7b0895c2, org.springframework.boot.test.mock.mockito.ResetMocksTestExecutionListener@191eb2]
2022-08-04 16:55:24.369 DEBUG 28224 --- [    Test worker] tourGuide.service.UserService            : get user john
2022-08-04 16:55:24.369 DEBUG 28224 --- [    Test worker] tourGuide.service.UserService            : get user jonny
2022-08-04 16:55:24.370  INFO 28224 --- [    Test worker] tourGuide.service.UserService            : Get all internalUserMap users
2022-08-04 16:55:24.418 DEBUG 28224 --- [    Test worker] tourGuide.service.UserService            : get user john
2022-08-04 16:55:24.437 ERROR 28224 --- [    Test worker] tourGuide.service.UserService            : User with username : john already exists 
2022-08-04 16:55:24.438  INFO 28224 --- [    Test worker] tourGuide.service.UserService            : Get internalUserMap with user: john
]]></system-out>
  <system-err><![CDATA[]]></system-err>
</testsuite>
