<?xml version="1.0" encoding="UTF-8"?>
<testsuite name="tourGuide.service.TourGuideServiceTest" tests="5" skipped="0" failures="0" errors="0" timestamp="2022-08-04T14:55:27" hostname="IDEAPAD-S530" time="0.248">
  <properties/>
  <testcase name="TrackUserLocationTest()" classname="tourGuide.service.TourGuideServiceTest" time="0.099"/>
  <testcase name="getAllUsersTest()" classname="tourGuide.service.TourGuideServiceTest" time="0.031"/>
  <testcase name="GetUserLocationTest_withEmptyVisitedLocations_shouldReturnUserLocation()" classname="tourGuide.service.TourGuideServiceTest" time="0.017"/>
  <testcase name="getTripDealsTest()" classname="tourGuide.service.TourGuideServiceTest" time="0.03"/>
  <testcase name="getAllUsersLocationTest()" classname="tourGuide.service.TourGuideServiceTest" time="0.031"/>
  <system-out><![CDATA[2022-08-04 16:55:26.432  INFO 28224 --- [    Test worker] o.s.t.c.s.DefaultTestContextBootstrapper : Neither @ContextConfiguration nor @ContextHierarchy found for test class [tourGuide.service.TourGuideServiceTest], using DelegatingSmartContextLoader
2022-08-04 16:55:26.447  INFO 28224 --- [    Test worker] o.s.t.c.support.AbstractContextLoader    : Could not detect default resource locations for test class [tourGuide.service.TourGuideServiceTest]: no resource found for suffixes {-context.xml}.
2022-08-04 16:55:26.450  INFO 28224 --- [    Test worker] t.c.s.AnnotationConfigContextLoaderUtils : Could not detect default configuration classes for test class [tourGuide.service.TourGuideServiceTest]: TourGuideServiceTest does not declare any static, non-private, non-final, nested classes annotated with @Configuration.
2022-08-04 16:55:26.469  INFO 28224 --- [    Test worker] o.s.t.c.s.DefaultTestContextBootstrapper : Loaded default TestExecutionListener class names from location [META-INF/spring.factories]: [org.springframework.boot.test.autoconfigure.restdocs.RestDocsTestExecutionListener, org.springframework.boot.test.autoconfigure.web.client.MockRestServiceServerResetTestExecutionListener, org.springframework.boot.test.autoconfigure.web.servlet.MockMvcPrintOnlyOnFailureTestExecutionListener, org.springframework.boot.test.autoconfigure.web.servlet.WebDriverTestExecutionListener, org.springframework.boot.test.autoconfigure.webservices.client.MockWebServiceServerTestExecutionListener, org.springframework.boot.test.mock.mockito.MockitoTestExecutionListener, org.springframework.boot.test.mock.mockito.ResetMocksTestExecutionListener, org.springframework.test.context.web.ServletTestExecutionListener, org.springframework.test.context.support.DirtiesContextBeforeModesTestExecutionListener, org.springframework.test.context.event.ApplicationEventsTestExecutionListener, org.springframework.test.context.support.DependencyInjectionTestExecutionListener, org.springframework.test.context.support.DirtiesContextTestExecutionListener, org.springframework.test.context.transaction.TransactionalTestExecutionListener, org.springframework.test.context.jdbc.SqlScriptsTestExecutionListener, org.springframework.test.context.event.EventPublishingTestExecutionListener]
2022-08-04 16:55:26.488  INFO 28224 --- [    Test worker] o.s.t.c.s.DefaultTestContextBootstrapper : Using TestExecutionListeners: [org.springframework.test.context.web.ServletTestExecutionListener@72a1f750, org.springframework.test.context.support.DirtiesContextBeforeModesTestExecutionListener@210ebd4f, org.springframework.test.context.event.ApplicationEventsTestExecutionListener@1bcb0cae, org.springframework.boot.test.mock.mockito.MockitoTestExecutionListener@52a4a7ed, org.springframework.test.context.support.DependencyInjectionTestExecutionListener@2f42c19e, org.springframework.test.context.support.DirtiesContextTestExecutionListener@7bf2f5fc, org.springframework.test.context.event.EventPublishingTestExecutionListener@381f3850, org.springframework.boot.test.autoconfigure.restdocs.RestDocsTestExecutionListener@4ff37b71, org.springframework.boot.test.autoconfigure.web.client.MockRestServiceServerResetTestExecutionListener@76041d20, org.springframework.boot.test.autoconfigure.web.servlet.MockMvcPrintOnlyOnFailureTestExecutionListener@1a355b09, org.springframework.boot.test.autoconfigure.web.servlet.WebDriverTestExecutionListener@5ba93da7, org.springframework.boot.test.autoconfigure.webservices.client.MockWebServiceServerTestExecutionListener@fd5ed50, org.springframework.boot.test.mock.mockito.ResetMocksTestExecutionListener@596e1c97]
2022-08-04 16:55:27.672  INFO 28224 --- [    Test worker] tourGuide.service.TourGuideService       : TestMode enabled
2022-08-04 16:55:27.676 DEBUG 28224 --- [    Test worker] tourGuide.service.TourGuideService       : Initializing users
2022-08-04 16:55:27.684 DEBUG 28224 --- [    Test worker] tourGuide.service.TourGuideService       : Finished initializing users
2022-08-04 16:55:27.758 DEBUG 28224 --- [ool-25-thread-1] tourGuide.service.TrackerService         : Begin Tracker. Tracking 0 users.
2022-08-04 16:55:27.759 DEBUG 28224 --- [ool-25-thread-1] tourGuide.service.TrackerService         : Tracker Time Elapsed: 0 seconds.
2022-08-04 16:55:27.759 DEBUG 28224 --- [ool-25-thread-1] tourGuide.service.TrackerService         : Tracker sleeping
2022-08-04 16:55:27.775  INFO 28224 --- [    Test worker] tourGuide.service.TourGuideService       : TestMode enabled
2022-08-04 16:55:27.776 DEBUG 28224 --- [    Test worker] tourGuide.service.TourGuideService       : Initializing users
2022-08-04 16:55:27.777 DEBUG 28224 --- [    Test worker] tourGuide.service.TourGuideService       : Finished initializing users
2022-08-04 16:55:27.809  INFO 28224 --- [    Test worker] tourGuide.service.TourGuideService       : TestMode enabled
2022-08-04 16:55:27.810 DEBUG 28224 --- [    Test worker] tourGuide.service.TourGuideService       : Initializing users
2022-08-04 16:55:27.811 DEBUG 28224 --- [    Test worker] tourGuide.service.TourGuideService       : Finished initializing users
2022-08-04 16:55:27.847 DEBUG 28224 --- [ool-27-thread-1] tourGuide.service.TrackerService         : Begin Tracker. Tracking 0 users.
2022-08-04 16:55:27.851 DEBUG 28224 --- [ool-27-thread-1] tourGuide.service.TrackerService         : Tracker Time Elapsed: 0 seconds.
2022-08-04 16:55:27.852 DEBUG 28224 --- [ool-27-thread-1] tourGuide.service.TrackerService         : Tracker sleeping
2022-08-04 16:55:27.855  INFO 28224 --- [    Test worker] tourGuide.service.TourGuideService       : TestMode enabled
2022-08-04 16:55:27.863 DEBUG 28224 --- [    Test worker] tourGuide.service.TourGuideService       : Initializing users
2022-08-04 16:55:27.865 DEBUG 28224 --- [    Test worker] tourGuide.service.TourGuideService       : Finished initializing users
2022-08-04 16:55:27.868 DEBUG 28224 --- [ool-29-thread-1] tourGuide.service.TrackerService         : Begin Tracker. Tracking 0 users.
2022-08-04 16:55:27.869 DEBUG 28224 --- [ool-29-thread-1] tourGuide.service.TrackerService         : Tracker Time Elapsed: 0 seconds.
2022-08-04 16:55:27.869 DEBUG 28224 --- [ool-29-thread-1] tourGuide.service.TrackerService         : Tracker sleeping
2022-08-04 16:55:27.871 DEBUG 28224 --- [    Test worker] tourGuide.service.TourGuideService       : getting Trip Deals for userName : john
2022-08-04 16:55:27.888  INFO 28224 --- [    Test worker] tourGuide.service.TourGuideService       : TestMode enabled
2022-08-04 16:55:27.889 DEBUG 28224 --- [    Test worker] tourGuide.service.TourGuideService       : Initializing users
2022-08-04 16:55:27.890 DEBUG 28224 --- [    Test worker] tourGuide.service.TourGuideService       : Finished initializing users
2022-08-04 16:55:27.895 DEBUG 28224 --- [ool-31-thread-1] tourGuide.service.TrackerService         : Begin Tracker. Tracking 0 users.
2022-08-04 16:55:27.896 DEBUG 28224 --- [ool-31-thread-1] tourGuide.service.TrackerService         : Tracker Time Elapsed: 0 seconds.
2022-08-04 16:55:27.897 DEBUG 28224 --- [ool-31-thread-1] tourGuide.service.TrackerService         : Tracker sleeping
2022-08-04 16:55:27.900 DEBUG 28224 --- [ool-33-thread-1] tourGuide.service.TrackerService         : Begin Tracker. Tracking 0 users.
2022-08-04 16:55:27.900 DEBUG 28224 --- [ool-33-thread-1] tourGuide.service.TrackerService         : Tracker Time Elapsed: 0 seconds.
2022-08-04 16:55:27.901 DEBUG 28224 --- [ool-33-thread-1] tourGuide.service.TrackerService         : Tracker sleeping
2022-08-04 16:55:27.904  INFO 28224 --- [    Test worker] tourGuide.service.TourGuideService       : Get all users current Location
]]></system-out>
  <system-err><![CDATA[]]></system-err>
</testsuite>
