<?xml version="1.0" encoding="UTF-8"?>
<testsuite name="tourGuide.controller.TourGuideControllerTest" tests="6" skipped="0" failures="0" errors="0" timestamp="2022-08-04T14:54:18" hostname="IDEAPAD-S530" time="4.587">
  <properties/>
  <testcase name="getAllCurrentLocationsTest()" classname="tourGuide.controller.TourGuideControllerTest" time="2.287"/>
  <testcase name="indexTest()" classname="tourGuide.controller.TourGuideControllerTest" time="0.296"/>
  <testcase name="getNearbyAttractionsTest()" classname="tourGuide.controller.TourGuideControllerTest" time="0.49"/>
  <testcase name="getRewardsTest()" classname="tourGuide.controller.TourGuideControllerTest" time="0.717"/>
  <testcase name="getTripDealsTest()" classname="tourGuide.controller.TourGuideControllerTest" time="0.32"/>
  <testcase name="getLocationTest()" classname="tourGuide.controller.TourGuideControllerTest" time="0.344"/>
  <system-out><![CDATA[2022-08-04 16:54:01.998  INFO 28224 --- [    Test worker] .b.t.a.w.s.WebMvcTestContextBootstrapper : Neither @ContextConfiguration nor @ContextHierarchy found for test class [tourGuide.controller.TourGuideControllerTest], using SpringBootContextLoader
2022-08-04 16:54:02.002  INFO 28224 --- [    Test worker] o.s.t.c.support.AbstractContextLoader    : Could not detect default resource locations for test class [tourGuide.controller.TourGuideControllerTest]: no resource found for suffixes {-context.xml, Context.groovy}.
2022-08-04 16:54:02.003  INFO 28224 --- [    Test worker] t.c.s.AnnotationConfigContextLoaderUtils : Could not detect default configuration classes for test class [tourGuide.controller.TourGuideControllerTest]: TourGuideControllerTest does not declare any static, non-private, non-final, nested classes annotated with @Configuration.
2022-08-04 16:54:02.269  INFO 28224 --- [    Test worker] .b.t.c.SpringBootTestContextBootstrapper : Found @SpringBootConfiguration tourGuide.Application for test class tourGuide.controller.TourGuideControllerTest
2022-08-04 16:54:02.272  INFO 28224 --- [    Test worker] .b.t.a.w.s.WebMvcTestContextBootstrapper : Loaded default TestExecutionListener class names from location [META-INF/spring.factories]: [org.springframework.boot.test.autoconfigure.restdocs.RestDocsTestExecutionListener, org.springframework.boot.test.autoconfigure.web.client.MockRestServiceServerResetTestExecutionListener, org.springframework.boot.test.autoconfigure.web.servlet.MockMvcPrintOnlyOnFailureTestExecutionListener, org.springframework.boot.test.autoconfigure.web.servlet.WebDriverTestExecutionListener, org.springframework.boot.test.autoconfigure.webservices.client.MockWebServiceServerTestExecutionListener, org.springframework.boot.test.mock.mockito.MockitoTestExecutionListener, org.springframework.boot.test.mock.mockito.ResetMocksTestExecutionListener, org.springframework.test.context.web.ServletTestExecutionListener, org.springframework.test.context.support.DirtiesContextBeforeModesTestExecutionListener, org.springframework.test.context.event.ApplicationEventsTestExecutionListener, org.springframework.test.context.support.DependencyInjectionTestExecutionListener, org.springframework.test.context.support.DirtiesContextTestExecutionListener, org.springframework.test.context.transaction.TransactionalTestExecutionListener, org.springframework.test.context.jdbc.SqlScriptsTestExecutionListener, org.springframework.test.context.event.EventPublishingTestExecutionListener]
2022-08-04 16:54:02.277  INFO 28224 --- [    Test worker] .b.t.a.w.s.WebMvcTestContextBootstrapper : Using TestExecutionListeners: [org.springframework.test.context.web.ServletTestExecutionListener@42cc17cf, org.springframework.test.context.support.DirtiesContextBeforeModesTestExecutionListener@63c930d7, org.springframework.test.context.event.ApplicationEventsTestExecutionListener@51ac6d1, org.springframework.boot.test.mock.mockito.MockitoTestExecutionListener@50b9579d, org.springframework.boot.test.autoconfigure.SpringBootDependencyInjectionTestExecutionListener@7269502a, org.springframework.test.context.support.DirtiesContextTestExecutionListener@588c9938, org.springframework.test.context.event.EventPublishingTestExecutionListener@b73e0b6, org.springframework.boot.test.autoconfigure.restdocs.RestDocsTestExecutionListener@116c5bfa, org.springframework.boot.test.autoconfigure.web.client.MockRestServiceServerResetTestExecutionListener@29bcb1fd, org.springframework.boot.test.autoconfigure.web.servlet.MockMvcPrintOnlyOnFailureTestExecutionListener@1545a8ab, org.springframework.boot.test.autoconfigure.web.servlet.WebDriverTestExecutionListener@1a79ce5, org.springframework.boot.test.autoconfigure.webservices.client.MockWebServiceServerTestExecutionListener@7267a4a0, org.springframework.boot.test.mock.mockito.ResetMocksTestExecutionListener@3e98c048]

  .   ____          _            __ _ _
 /\\ / ___'_ __ _ _(_)_ __  __ _ \ \ \ \
( ( )\___ | '_ | '_| | '_ \/ _` | \ \ \ \
 \\/  ___)| |_)| | | | | || (_| |  ) ) ) )
  '  |____| .__|_| |_|_| |_\__, | / / / /
 =========|_|==============|___/=/_/_/_/
 :: Spring Boot ::                (v2.7.0)

2022-08-04 16:54:03.523  INFO 28224 --- [    Test worker] t.controller.TourGuideControllerTest     : Starting TourGuideControllerTest using Java 11.0.15 on IDEAPAD-S530 with PID 28224 (started by phamt in C:\Users\phamt\Desktop\OPENCLASSROOMS\P8\JavaPathENProject8\TourGuide\TourGuideApp)
2022-08-04 16:54:03.524 DEBUG 28224 --- [    Test worker] t.controller.TourGuideControllerTest     : Running with Spring Boot v2.7.0, Spring v5.3.20
2022-08-04 16:54:03.526  INFO 28224 --- [    Test worker] t.controller.TourGuideControllerTest     : No active profile set, falling back to 1 default profile: "default"
2022-08-04 16:54:11.968  INFO 28224 --- [pool-8-thread-1] tourGuide.service.UserService            : Get all internalUserMap users
2022-08-04 16:54:12.015 DEBUG 28224 --- [pool-8-thread-1] tourGuide.service.TrackerService         : Begin Tracker. Tracking 100000 users.
2022-08-04 16:54:18.363  INFO 28224 --- [    Test worker] o.s.b.t.m.w.SpringBootMockServletContext : Initializing Spring TestDispatcherServlet ''
2022-08-04 16:54:18.364  INFO 28224 --- [    Test worker] o.s.t.web.servlet.TestDispatcherServlet  : Initializing Servlet ''
2022-08-04 16:54:18.376  INFO 28224 --- [    Test worker] o.s.t.web.servlet.TestDispatcherServlet  : Completed initialization in 11 ms
2022-08-04 16:54:18.665  INFO 28224 --- [    Test worker] t.controller.TourGuideControllerTest     : Started TourGuideControllerTest in 16.375 seconds (JVM running for 643.233)
2022-08-04 16:54:20.490  INFO 28224 --- [    Test worker] t.controller.TourGuideController         : Get all users current Location
2022-08-04 16:54:21.276  INFO 28224 --- [    Test worker] t.controller.TourGuideController         : get home page
2022-08-04 16:54:21.744  INFO 28224 --- [    Test worker] t.controller.TourGuideController         : Get nearby attractions with username: username
2022-08-04 16:54:22.075  INFO 28224 --- [    Test worker] t.controller.TourGuideController         : Get rewards with user: internalUser1
2022-08-04 16:54:22.077  INFO 28224 --- [    Test worker] t.controller.TourGuideController         : Get user: internalUser1
2022-08-04 16:54:22.816  INFO 28224 --- [    Test worker] t.controller.TourGuideController         : Get user: username
2022-08-04 16:54:22.843  INFO 28224 --- [    Test worker] t.controller.TourGuideController         : Get trip deals of user: username
2022-08-04 16:54:23.164  INFO 28224 --- [    Test worker] t.controller.TourGuideController         : Get user locations with userId: ea6a1132-abe0-437c-8c17-9d93aec0413a
]]></system-out>
  <system-err><![CDATA[]]></system-err>
</testsuite>
